<?xml version="1.0" encoding="UTF-8"?>
<robot generator="Robot 7.4.2 (Python 3.11.9 on win32)" generated="2026-07-23T04:12:11.454261" rpa="false" schemaversion="5">
<suite id="s1" name="Test Case" source="C:\Users\Samsung\Pictures\Portfolio_\robot_tests\test_case.robot">
<test id="s1-t1" name="Login Test" line="12">
<kw name="Open Browser" owner="SeleniumLibrary">
<msg time="2026-07-23T04:12:14.731264" level="INFO">Opening browser 'chrome' to base url 'https://the-internet.herokuapp.com/login'.</msg>
<arg>${BASE_URL}</arg>
<arg>chrome</arg>
<doc>Opens a new browser instance to the optional ``url``.</doc>
<status status="PASS" start="2026-07-23T04:12:14.728264" elapsed="11.670588"/>
</kw>
<kw name="Maximize Browser Window" owner="SeleniumLibrary">
<doc>Maximizes current browser window.</doc>
<status status="PASS" start="2026-07-23T04:12:26.399854" elapsed="0.060997"/>
</kw>
<kw name="Input Text" owner="SeleniumLibrary">
<msg time="2026-07-23T04:12:26.463857" level="INFO">Typing text 'tomsmith' into text field 'id:username'.</msg>
<arg>id:username</arg>
<arg>${USERNAME}</arg>
<doc>Types the given ``text`` into the text field identified by ``locator``.</doc>
<status status="PASS" start="2026-07-23T04:12:26.460851" elapsed="0.331999"/>
</kw>
<kw name="Input Text" owner="SeleniumLibrary">
<msg time="2026-07-23T04:12:26.794857" level="INFO">Typing text 'SuperSecretPassword!' into text field 'id:password'.</msg>
<arg>id:password</arg>
<arg>${PASSWORD}</arg>
<doc>Types the given ``text`` into the text field identified by ``locator``.</doc>
<status status="PASS" start="2026-07-23T04:12:26.793849" elapsed="0.257005"/>
</kw>
<kw name="Click Button" owner="SeleniumLibrary">
<msg time="2026-07-23T04:12:27.051853" level="INFO">Clicking button 'css:button[type='submit']'.</msg>
<arg>css:button[type='submit']</arg>
<doc>Clicks the button identified by ``locator``.</doc>
<status status="PASS" start="2026-07-23T04:12:27.051853" elapsed="0.788000"/>
</kw>
<kw name="Location Should Contain" owner="SeleniumLibrary">
<msg time="2026-07-23T04:12:27.866851" level="INFO">Current location contains '/secure'.</msg>
<arg>/secure</arg>
<doc>Verifies that the current URL contains ``expected``.</doc>
<status status="PASS" start="2026-07-23T04:12:27.839853" elapsed="0.026998"/>
</kw>
<kw name="Page Should Contain" owner="SeleniumLibrary">
<msg time="2026-07-23T04:12:27.903857" level="INFO">Current page contains text 'You logged into a secure area!'.</msg>
<arg>${SUCCESS_MSG}</arg>
<doc>Verifies that current page contains ``text``.</doc>
<status status="PASS" start="2026-07-23T04:12:27.867851" elapsed="0.036006"/>
</kw>
<kw name="Get Title" owner="SeleniumLibrary">
<msg time="2026-07-23T04:12:27.913857" level="INFO">${title} = The Internet</msg>
<var>${title}</var>
<doc>Returns the title of the current page.</doc>
<status status="PASS" start="2026-07-23T04:12:27.904851" elapsed="0.010005"/>
</kw>
<kw name="Should Contain" owner="BuiltIn">
<arg>${title}</arg>
<arg>The Internet</arg>
<doc>Fails if ``container`` does not contain ``item`` one or more times.</doc>
<status status="PASS" start="2026-07-23T04:12:27.915878" elapsed="0.001977"/>
</kw>
<kw name="Close Browser" owner="SeleniumLibrary">
<doc>Closes the current browser.</doc>
<status status="PASS" start="2026-07-23T04:12:27.918855" elapsed="2.638104"/>
</kw>
<doc>Log in with valid credentials and verify success.</doc>
<status status="PASS" start="2026-07-23T04:12:14.715262" elapsed="15.842695"/>
</test>
<status status="PASS" start="2026-07-23T04:12:11.472260" elapsed="19.085697"/>
</suite>
<statistics>
<total>
<stat pass="1" fail="0" skip="0">All Tests</stat>
</total>
<tag>
</tag>
<suite>
<stat name="Test Case" id="s1" pass="1" fail="0" skip="0">Test Case</stat>
</suite>
</statistics>
<errors>
</errors>
</robot>
